d:\aip_dcs\debug\aip_dcs.pch
d:\aip_dcs\debug\vc143.pdb
d:\aip_dcs\debug\vc143.idb
d:\aip_dcs\debug\pch.obj
d:\aip_dcs\debug\deco_mergerollcheck.obj
d:\aip_dcs\debug\deco_mergeenemylrcheck.obj
d:\aip_dcs\debug\deco_mergedistancecheck.obj
d:\aip_dcs\debug\deco_mergecheck.obj
d:\aip_dcs\debug\deco_loscheck.obj
d:\aip_dcs\debug\deco_jinkingcooltimecheck.obj
d:\aip_dcs\debug\deco_isturningrightcheck.obj
d:\aip_dcs\debug\deco_isneedpure.obj
d:\aip_dcs\debug\deco_friendlycheck.obj
d:\aip_dcs\debug\deco_enemywezcheck.obj
d:\aip_dcs\debug\deco_efsfcheck.obj
d:\aip_dcs\debug\deco_distancecheck.obj
d:\aip_dcs\debug\deco_currentrollcheck.obj
d:\aip_dcs\debug\deco_bfmcheck.obj
d:\aip_dcs\debug\deco_angleoffcheck.obj
d:\aip_dcs\debug\cppblackboard.obj
d:\aip_dcs\debug\blackboard.obj
d:\aip_dcs\debug\behavior_tree.obj
d:\aip_dcs\debug\basic_types.obj
d:\aip_dcs\debug\action_node.obj
d:\aip_dcs\debug\speedcontrol.obj
d:\aip_dcs\debug\selectefsf.obj
d:\aip_dcs\debug\maxthrottle.obj
d:\aip_dcs\debug\lunchmsl.obj
d:\aip_dcs\debug\lunchflare.obj
d:\aip_dcs\debug\jinkingturnselector.obj
d:\aip_dcs\debug\efsf_selector.obj
d:\aip_dcs\debug\distanceupdate.obj
d:\aip_dcs\debug\directionvectorupdate.obj
d:\aip_dcs\debug\cooltimer.obj
d:\aip_dcs\debug\collisionavoidance.obj
d:\aip_dcs\debug\closurerate.obj
d:\aip_dcs\debug\checksight.obj
d:\aip_dcs\debug\aspectangleupdate.obj
d:\aip_dcs\debug\angleoffupdate.obj
d:\aip_dcs\debug\functions.obj
d:\aip_dcs\debug\deco_speedcheck.obj
d:\aip_dcs\debug\deco_sbfmcheck.obj
d:\aip_dcs\debug\deco_rollcheck.obj
d:\aip_dcs\debug\deco_mergespeeddifcheck.obj
d:\aip_dcs\debug\support_habfm.obj
d:\aip_dcs\debug\support_dbfm.obj
d:\aip_dcs\debug\split.obj
d:\aip_dcs\debug\reducepower.obj
d:\aip_dcs\debug\pure.obj
d:\aip_dcs\debug\mergeturn.obj
d:\aip_dcs\debug\maintain.obj
d:\aip_dcs\debug\lead.obj
d:\aip_dcs\debug\lag.obj
d:\aip_dcs\debug\jinkingturn.obj
d:\aip_dcs\debug\highyoyoup.obj
d:\aip_dcs\debug\defenceturn.obj
d:\aip_dcs\debug\weaponselect.obj
d:\aip_dcs\debug\verticalcheck.obj
d:\aip_dcs\debug\turncheck.obj
d:\aip_dcs\debug\support_bf_update.obj
d:\aip_dcs\debug\superior.obj
d:\aip_dcs\debug\speeddifcheck.obj
d:\aip_dcs\debug\speedcontrol_habfm.obj
d:\aip_dcs\debug\speedcontroll_dbfm.obj
d:\aip_dcs\debug\shared_library.obj
d:\aip_dcs\debug\decorator_node.obj
d:\aip_dcs\debug\timeout_node.obj
d:\aip_dcs\debug\subtree_node.obj
d:\aip_dcs\debug\retry_node.obj
d:\aip_dcs\debug\repeat_node.obj
d:\aip_dcs\debug\inverter_node.obj
d:\aip_dcs\debug\cppbehaviortree.obj
d:\aip_dcs\debug\control_node.obj
d:\aip_dcs\debug\switch_node.obj
d:\aip_dcs\debug\sequence_star_node.obj
d:\aip_dcs\debug\sequence_node.obj
d:\aip_dcs\debug\reactive_sequence.obj
d:\aip_dcs\debug\reactive_fallback.obj
d:\aip_dcs\debug\parallel_node.obj
d:\aip_dcs\debug\fallback_node.obj
d:\aip_dcs\debug\condition_node.obj
d:\aip_dcs\debug\bt_factory.obj
d:\aip_dcs\debug\turn.obj
d:\aip_dcs\debug\support_obfm.obj
d:\aip_dcs\debug\libmain.obj
d:\aip_dcs\debug\vector4.obj
d:\aip_dcs\debug\vector3.obj
d:\aip_dcs\debug\quaternion.obj
d:\aip_dcs\debug\matrix4.obj
d:\aip_dcs\debug\matrix3.obj
d:\aip_dcs\debug\math.obj
d:\aip_dcs\debug\eulerangle.obj
d:\aip_dcs\debug\coordinateconverter.obj
d:\aip_dcs\debug\controller_cy.obj
d:\aip_dcs\debug\axisangle.obj
d:\aip_dcs\debug\angle.obj
d:\aip_dcs\debug\dllmain.obj
d:\aip_dcs\debug\xml_parsing.obj
d:\aip_dcs\debug\tree_node.obj
d:\aip_dcs\debug\tinyxml2.obj
d:\aip_dcs\debug\shared_library_win.obj
d:\aip_dcs\debug\aip_dcs.ilk
d:\aip_dcs\debug\aip_dcs.dll
d:\aip_dcs\debug\aip_dcs.pdb
d:\aip_dcs\debug\aip_dcs.lib
d:\aip_dcs\debug\aip_dcs.exp
d:\aip_dcs\debug\aip_dcs.tlog\cl.command.1.tlog
d:\aip_dcs\debug\aip_dcs.tlog\cl.items.tlog
d:\aip_dcs\debug\aip_dcs.tlog\cl.read.1.tlog
d:\aip_dcs\debug\aip_dcs.tlog\cl.write.1.tlog
d:\aip_dcs\debug\aip_dcs.tlog\link.command.1.tlog
d:\aip_dcs\debug\aip_dcs.tlog\link.read.1.tlog
d:\aip_dcs\debug\aip_dcs.tlog\link.write.1.tlog
d:\aip_dcs\debug\aip_dcs.tlog\link.write.2u.tlog
